<?xml version="1.0" encoding="UTF-8"?>
<!-- Generated by org.testng.reporters.JUnitReportReporter -->
<testsuite hostname="globalqa01" name="com.fool.au.pro.Aupro1" tests="1" failures="1" timestamp="24 Apr 2015 07:34:54 GMT" time="47.047" errors="0">
  <testcase name="emailAuPro1" time="47.047" classname="com.fool.au.pro.Aupro1">
    <failure type="org.openqa.selenium.InvalidSelectorException" message="The given selector //strong,&#039;123456789&#039;)] is either invalid or does not result in a WebElement. The following error occurred:
InvalidSelectorError: Unable to locate an element with the xpath expression //strong,&#039;123456789&#039;)] because of the following error:
[Exception... &quot;The expression is not a legal expression.&quot;  code: &quot;12&quot; nsresult: &quot;0x805b0033 (SyntaxError)&quot;  location: &quot;file:///C:/Users/SHIVAK~1/AppData/Local/Temp/2/anonymous4999122471339341456webdriver-profile/extensions/fxdriver@googlecode.com/components/driver_component.js Line: 5916&quot;]
Command duration or timeout: 344 milliseconds
For documentation on this error, please visit: http://seleniumhq.org/exceptions/invalid_selector_exception.html
Build info: version: &#039;2.35.0&#039;, revision: &#039;8df0c6b&#039;, time: &#039;2013-08-12 15:43:19&#039;
System info: os.name: &#039;Windows Server 2012 R2&#039;, os.arch: &#039;amd64&#039;, os.version: &#039;6.3&#039;, java.version: &#039;1.8.0_31&#039;
Driver info: org.openqa.selenium.firefox.FirefoxDriver
Capabilities [{applicationCacheEnabled=true, rotatable=false, handlesAlerts=true, databaseEnabled=true, version=25.0.1, platform=XP, browserConnectionEnabled=true, nativeEvents=true, acceptSslCerts=true, webStorageEnabled=true, locationContextEnabled=true, browserName=firefox, takesScreenshot=true, javascriptEnabled=true, cssSelectorsEnabled=true}]
Session ID: 14099826-5cab-4055-93bb-c5f425288a6e">
      <![CDATA[org.openqa.selenium.InvalidSelectorException: The given selector //strong,'123456789')] is either invalid or does not result in a WebElement. The following error occurred:
InvalidSelectorError: Unable to locate an element with the xpath expression //strong,'123456789')] because of the following error:
[Exception... "The expression is not a legal expression."  code: "12" nsresult: "0x805b0033 (SyntaxError)"  location: "file:///C:/Users/SHIVAK~1/AppData/Local/Temp/2/anonymous4999122471339341456webdriver-profile/extensions/fxdriver@googlecode.com/components/driver_component.js Line: 5916"]
Command duration or timeout: 344 milliseconds
For documentation on this error, please visit: http://seleniumhq.org/exceptions/invalid_selector_exception.html
Build info: version: '2.35.0', revision: '8df0c6b', time: '2013-08-12 15:43:19'
System info: os.name: 'Windows Server 2012 R2', os.arch: 'amd64', os.version: '6.3', java.version: '1.8.0_31'
Driver info: org.openqa.selenium.firefox.FirefoxDriver
Capabilities [{applicationCacheEnabled=true, rotatable=false, handlesAlerts=true, databaseEnabled=true, version=25.0.1, platform=XP, browserConnectionEnabled=true, nativeEvents=true, acceptSslCerts=true, webStorageEnabled=true, locationContextEnabled=true, browserName=firefox, takesScreenshot=true, javascriptEnabled=true, cssSelectorsEnabled=true}]
Session ID: 14099826-5cab-4055-93bb-c5f425288a6e
	at sun.reflect.NativeConstructorAccessorImpl.newInstance0(Native Method)
	at sun.reflect.NativeConstructorAccessorImpl.newInstance(Unknown Source)
	at sun.reflect.DelegatingConstructorAccessorImpl.newInstance(Unknown Source)
	at java.lang.reflect.Constructor.newInstance(Unknown Source)
	at org.openqa.selenium.remote.ErrorHandler.createThrowable(ErrorHandler.java:191)
	at org.openqa.selenium.remote.ErrorHandler.throwIfResponseFailed(ErrorHandler.java:145)
	at org.openqa.selenium.remote.RemoteWebDriver.execute(RemoteWebDriver.java:554)
	at org.openqa.selenium.remote.RemoteWebDriver.findElements(RemoteWebDriver.java:332)
	at org.openqa.selenium.remote.RemoteWebDriver.findElementsByXPath(RemoteWebDriver.java:408)
	at org.openqa.selenium.By$ByXPath.findElements(By.java:339)
	at org.openqa.selenium.remote.RemoteWebDriver.findElements(RemoteWebDriver.java:295)
	at com.fool.au.pro.Aupro1.emailAuPro1(Aupro1.java:53)
	at sun.reflect.NativeMethodAccessorImpl.invoke0(Native Method)
	at sun.reflect.NativeMethodAccessorImpl.invoke(Unknown Source)
	at sun.reflect.DelegatingMethodAccessorImpl.invoke(Unknown Source)
	at java.lang.reflect.Method.invoke(Unknown Source)
	at org.testng.internal.MethodInvocationHelper.invokeMethod(MethodInvocationHelper.java:84)
	at org.testng.internal.Invoker.invokeMethod(Invoker.java:714)
	at org.testng.internal.Invoker.invokeTestMethod(Invoker.java:901)
	at org.testng.internal.Invoker.invokeTestMethods(Invoker.java:1231)
	at org.testng.internal.TestMethodWorker.invokeTestMethods(TestMethodWorker.java:127)
	at org.testng.internal.TestMethodWorker.run(TestMethodWorker.java:111)
	at org.testng.TestRunner.privateRun(TestRunner.java:767)
	at org.testng.TestRunner.run(TestRunner.java:617)
	at org.testng.SuiteRunner.runTest(SuiteRunner.java:334)
	at org.testng.SuiteRunner.runSequentially(SuiteRunner.java:329)
	at org.testng.SuiteRunner.privateRun(SuiteRunner.java:291)
	at org.testng.SuiteRunner.run(SuiteRunner.java:240)
	at org.testng.SuiteRunnerWorker.runSuite(SuiteRunnerWorker.java:52)
	at org.testng.SuiteRunnerWorker.run(SuiteRunnerWorker.java:86)
	at org.testng.TestNG.runSuitesSequentially(TestNG.java:1224)
	at org.testng.TestNG.runSuitesLocally(TestNG.java:1149)
	at org.testng.TestNG.run(TestNG.java:1057)
	at org.testng.remote.RemoteTestNG.run(RemoteTestNG.java:111)
	at org.testng.remote.RemoteTestNG.initAndRun(RemoteTestNG.java:204)
	at org.testng.remote.RemoteTestNG.main(RemoteTestNG.java:175)
Caused by: org.openqa.selenium.remote.ErrorHandler$UnknownServerException: The given selector //strong,'123456789')] is either invalid or does not result in a WebElement. The following error occurred:
InvalidSelectorError: Unable to locate an element with the xpath expression //strong,'123456789')] because of the following error:
[Exception... "The expression is not a legal expression."  code: "12" nsresult: "0x805b0033 (SyntaxError)"  location: "file:///C:/Users/SHIVAK~1/AppData/Local/Temp/2/anonymous4999122471339341456webdriver-profile/extensions/fxdriver@googlecode.com/components/driver_component.js Line: 5916"]
Build info: version: '2.35.0', revision: '8df0c6b', time: '2013-08-12 15:43:19'
System info: os.name: 'Windows Server 2012 R2', os.arch: 'amd64', os.version: '6.3', java.version: '1.8.0_31'
Driver info: driver.version: unknown
	at <anonymous class>.FirefoxDriver.annotateInvalidSelectorError_(file:///C:/Users/SHIVAK~1/AppData/Local/Temp/2/anonymous4999122471339341456webdriver-profile/extensions/fxdriver@googlecode.com/components/driver_component.js:8854)
	at <anonymous class>.FirefoxDriver.prototype.findElementsInternal_(file:///C:/Users/SHIVAK~1/AppData/Local/Temp/2/anonymous4999122471339341456webdriver-profile/extensions/fxdriver@googlecode.com/components/driver_component.js:8912)
	at <anonymous class>.FirefoxDriver.prototype.findElements(file:///C:/Users/SHIVAK~1/AppData/Local/Temp/2/anonymous4999122471339341456webdriver-profile/extensions/fxdriver@googlecode.com/components/driver_component.js:8916)
	at <anonymous class>.DelayedCommand.prototype.executeInternal_/h(file:///C:/Users/SHIVAK~1/AppData/Local/Temp/2/anonymous4999122471339341456webdriver-profile/extensions/fxdriver@googlecode.com/components/command_processor.js:10817)
	at <anonymous class>.DelayedCommand.prototype.executeInternal_(file:///C:/Users/SHIVAK~1/AppData/Local/Temp/2/anonymous4999122471339341456webdriver-profile/extensions/fxdriver@googlecode.com/components/command_processor.js:10822)
	at <anonymous class>.DelayedCommand.prototype.execute/<(file:///C:/Users/SHIVAK~1/AppData/Local/Temp/2/anonymous4999122471339341456webdriver-profile/extensions/fxdriver@googlecode.com/components/command_processor.js:10764)
]]>
    </failure>
  </testcase> <!-- emailAuPro1 -->
</testsuite> <!-- com.fool.au.pro.Aupro1 -->
